(c) Copyright IBM Corporation 1993,2007
Command Line Processor for DB2 Client 11.5.4.0

You can issue database manager commands and SQL statements from the command 
prompt. For example:
    db2 => connect to sample
    db2 => bind sample.bnd

For general help, type: ?.
For command help, type: ? command, where command can be
the first few keywords of a database manager command. For example:
 ? CATALOG DATABASE for help on the CATALOG DATABASE command
 ? CATALOG          for help on all of the CATALOG commands.

To exit db2 interactive mode, type QUIT at the command prompt. Outside 
interactive mode, all commands must be prefixed with 'db2'.
To list the current command option settings, type LIST COMMAND OPTIONS.

For more detailed help, refer to the Online Reference Manual.

db2 => db2 => db2 => CONNECT TO cs421

   Database Connection Information

 Database server        = DB2/LINUXX8664 11.5.4.0
 SQL authorization ID   = TZHANG71
 Local database alias   = CS421


db2 => db2 => INSERT INTO Institute (instituteID,name,addr,phone,email,web) VALUES ('110001','Rosement','11 Rosement','1111111111','NULL','NULL')
DB20000I  The SQL command completed successfully.

db2 => INSERT INTO Institute (instituteID,name,addr,phone,email,web) VALUES ('110002','Hochelaga','122 Hochelaga','1111111112','NULL','NULL')
DB20000I  The SQL command completed successfully.

db2 => INSERT INTO Institute (instituteID,name,addr,phone,email,web) VALUES ('110003','Longueuil','2312 Longueuil','1111111113','NULL','NULL')
DB20000I  The SQL command completed successfully.

db2 => INSERT INTO Institute (instituteID,name,addr,phone,email,web) VALUES ('110004','Dorval','1223 Dorval','1111111114','NULL','NULL')
DB20000I  The SQL command completed successfully.

db2 => INSERT INTO Institute (instituteID,name,addr,phone,email,web) VALUES ('110005','Trudeau','1234 Trudeau','1111111115','NULL','NULL')
DB20000I  The SQL command completed successfully.

db2 => INSERT INTO Institute (instituteID,name,addr,phone,email,web) VALUES ('110006','Kirkland','8374 Kirkland','1111111116','NULL','NULL')
DB20000I  The SQL command completed successfully.

db2 => INSERT INTO Institute (instituteID,name,addr,phone,email,web) VALUES ('110007','Beaconsfield','3333 Beaconsfield','1111111117','NULL','NULL')
DB20000I  The SQL command completed successfully.

db2 => INSERT INTO Institute (instituteID,name,addr,phone,email,web) VALUES ('110008','Nuns','444 Nuns','1111111118','NULL','NULL')
DB20000I  The SQL command completed successfully.

db2 => INSERT INTO Institute (instituteID,name,addr,phone,email,web) VALUES ('110009','Verdun','53 Verdun','1111111119','NULL','NULL')
DB20000I  The SQL command completed successfully.

db2 => INSERT INTO Institute (instituteID,name,addr,phone,email,web) VALUES ('110010','Lasalle','435 Lasalle','1111111120','NULL','NULL')
DB20000I  The SQL command completed successfully.

db2 => INSERT INTO Institute (instituteID,name,addr,phone,email,web) VALUES ('110011','Brossard','2424 Brossard','1111111121','NULL','NULL')
DB20000I  The SQL command completed successfully.

db2 => INSERT INTO Institute (instituteID,name,addr,phone,email,web) VALUES ('110012','Lac-Saint-Louis','2334 Lac-Saint-Louis','1111111122','NULL','NULL')
DB20000I  The SQL command completed successfully.

db2 => db2 => db2 => db2 => db2 => INSERT INTO Birthingcenter (instituteID) VALUES ('110001')
DB20000I  The SQL command completed successfully.

db2 => INSERT INTO Birthingcenter (instituteID) VALUES ('110002')
DB20000I  The SQL command completed successfully.

db2 => INSERT INTO Birthingcenter (instituteID) VALUES ('110003')
DB20000I  The SQL command completed successfully.

db2 => INSERT INTO Birthingcenter (instituteID) VALUES ('110004')
DB20000I  The SQL command completed successfully.

db2 => INSERT INTO Birthingcenter (instituteID) VALUES ('110005')
DB20000I  The SQL command completed successfully.

db2 => INSERT INTO Birthingcenter (instituteID) VALUES ('110006')
DB20000I  The SQL command completed successfully.

db2 => INSERT INTO Birthingcenter (instituteID) VALUES ('110007')
DB20000I  The SQL command completed successfully.

db2 => db2 => db2 => db2 => db2 => INSERT INTO CommunityClinic (instituteID) VALUES ('110008')
DB20000I  The SQL command completed successfully.

db2 => INSERT INTO CommunityClinic (instituteID) VALUES ('110009')
DB20000I  The SQL command completed successfully.

db2 => INSERT INTO CommunityClinic (instituteID) VALUES ('110010')
DB20000I  The SQL command completed successfully.

db2 => INSERT INTO CommunityClinic (instituteID) VALUES ('110011')
DB20000I  The SQL command completed successfully.

db2 => INSERT INTO CommunityClinic (instituteID) VALUES ('110012')
DB20000I  The SQL command completed successfully.

db2 => db2 (cont.) => INSERT INTO Midwife (pracID,name,email,phone,instituteID) VALUES ('220001','Marion Girard ','marion@gmail.com','5145577890','110001')
DB20000I  The SQL command completed successfully.

db2 => db2 (cont.) => INSERT INTO Midwife (pracID,name,email,phone,instituteID) VALUES ('220002','Bill Bores',' bill@gmail.com','5145577891','110002')
DB20000I  The SQL command completed successfully.

db2 => db2 (cont.) => INSERT INTO Midwife (pracID,name,email,phone,instituteID) VALUES ('220003','James Bond',' james@gmail.com','5145577892','110003')
DB20000I  The SQL command completed successfully.

db2 => db2 (cont.) => INSERT INTO Midwife (pracID,name,email,phone,instituteID) VALUES ('220004','Tom Will','too m@gmail.com','5145577893','110004')
DB20000I  The SQL command completed successfully.

db2 => db2 (cont.) => INSERT INTO Midwife (pracID,name,email,phone,instituteID) VALUES ('220005','Jenny Ford',' jenny@gmail.com','5145577894','110005')
DB20000I  The SQL command completed successfully.

db2 => db2 (cont.) => INSERT INTO Midwife (pracID,name,email,phone,instituteID) VALUES ('220006','Jim Parsons', 'jim@gmail.com','5145577895','110006')
DB20000I  The SQL command completed successfully.

db2 => db2 (cont.) => INSERT INTO Midwife (pracID,name,email,phone,instituteID) VALUES ('220007','Ben Harrison' ,'ben@gmail.com','5145577896','110007')
DB20000I  The SQL command completed successfully.

db2 => INSERT INTO Midwife (pracID,name,email,phone,instituteID) VALUES ('220008','Terry Wen','terry@gmail.com','5145577897','110008')
DB20000I  The SQL command completed successfully.

db2 => INSERT INTO Midwife (pracID,name,email,phone,instituteID) VALUES ('220009','Shawn Zed','shawn@gmail.com','5145577898','110009')
DB20000I  The SQL command completed successfully.

db2 => db2 (cont.) => INSERT INTO Midwife (pracID,name,email,phone,instituteID) VALUES ('220010','Amy Pin','amyy @gmail.com','5145577899','110010')
DB20000I  The SQL command completed successfully.

db2 => db2 (cont.) => INSERT INTO Midwife (pracID,name,email,phone,instituteID) VALUES ('220011','Wendy Curry', 'wendy@gmail.com','5145577900','110011')
DB20000I  The SQL command completed successfully.

db2 => db2 (cont.) => INSERT INTO Midwife (pracID,name,email,phone,instituteID) VALUES ('220012','Shames McKay' ,'shames@gmail.com','5145577901','110012')
DB20000I  The SQL command completed successfully.

db2 => db2 => db2 => INSERT INTO Mother (HCardID,email,dob,name,phone,profession,bloodtype,addr) VALUES ('330001','Jane@gmail.com','1971-01-01','Victoria Gutierrez','5145577001','NULL','A','NULL')
DB20000I  The SQL command completed successfully.

db2 => INSERT INTO Mother (HCardID,email,dob,name,phone,profession,bloodtype,addr) VALUES ('330002','Austin@gmail.com','1971-01-02','Austin','5145577002','NULL','B','NULL')
DB20000I  The SQL command completed successfully.

db2 => INSERT INTO Mother (HCardID,email,dob,name,phone,profession,bloodtype,addr) VALUES ('330003','Penny@gmail.com','1971-01-03','Penny','5145577003','NULL','O','NULL')
DB20000I  The SQL command completed successfully.

db2 => db2 (cont.) => INSERT INTO Mother (HCardID,email,dob,name,phone,profession,bloodtype,addr) VALUES ('330004','Jay@gmail.com','1971-01-04','Jay','5145577004','NULL','AB ','NULL')
DB20000I  The SQL command completed successfully.

db2 => INSERT INTO Mother (HCardID,email,dob,name,phone,profession,bloodtype,addr) VALUES ('330005','Xi@gmail.com','1971-01-05','Xi','5145577005','NULL','A','NULL')
DB20000I  The SQL command completed successfully.

db2 => INSERT INTO Mother (HCardID,email,dob,name,phone,profession,bloodtype,addr) VALUES ('330006','Julie@gmail.com','1971-01-06','Julie','5145577006','NULL','B','NULL')
DB20000I  The SQL command completed successfully.

db2 => INSERT INTO Mother (HCardID,email,dob,name,phone,profession,bloodtype,addr) VALUES ('330007','Olivia@gmail.com','1971-01-07','Olivia','5145577007','NULL','O','NULL')
DB20000I  The SQL command completed successfully.

db2 => INSERT INTO Mother (HCardID,email,dob,name,phone,profession,bloodtype,addr) VALUES ('330008','Monica@gmail.com','1971-01-08','Monica','5145577008','NULL','A','NULL')
DB20000I  The SQL command completed successfully.

db2 => db2 => INSERT INTO Father (fatherID,name,HCardID,email,dob,phone,profession,bloodtype,addr) VALUES ('440001','AA',null,'NULL','1973-02-03','776666','NULL','A','NULL')
DB20000I  The SQL command completed successfully.

db2 => INSERT INTO Father (fatherID,name,HCardID,email,dob,phone,profession,bloodtype,addr) VALUES ('440002','BB',null,'NULL','1973-02-04','776667','NULL','A','NULL')
DB20000I  The SQL command completed successfully.

db2 => INSERT INTO Father (fatherID,name,HCardID,email,dob,phone,profession,bloodtype,addr) VALUES ('440003','CC',null,'NULL','1973-02-05','776668','NULL','A','NULL')
DB20000I  The SQL command completed successfully.

db2 => INSERT INTO Father (fatherID,name,HCardID,email,dob,phone,profession,bloodtype,addr) VALUES ('440004','DD',null,'NULL','1973-02-06','776669','NULL','A','NULL')
DB20000I  The SQL command completed successfully.

db2 => INSERT INTO Father (fatherID,name,HCardID,email,dob,phone,profession,bloodtype,addr) VALUES ('440005','EE',null,'NULL','1973-02-07','776670','NULL','B','NULL')
DB20000I  The SQL command completed successfully.

db2 => INSERT INTO Father (fatherID,name,HCardID,email,dob,phone,profession,bloodtype,addr) VALUES ('440006','FF',null,'NULL','1973-02-08','776671','NULL','B','NULL')
DB20000I  The SQL command completed successfully.

db2 => INSERT INTO Father (fatherID,name,HCardID,email,dob,phone,profession,bloodtype,addr) VALUES ('440007','GG',null,'NULL','1973-02-09','776672','NULL','B','NULL')
DB20000I  The SQL command completed successfully.

db2 => INSERT INTO Father (fatherID,name,HCardID,email,dob,phone,profession,bloodtype,addr) VALUES ('440008','HH',NULL,'NULL','1973-02-10','776673','NULL','B','NULL')
DB20000I  The SQL command completed successfully.

db2 => db2 => INSERT INTO Couple (coupleID,HCardID,fatherID) VALUES ('550001','330001','440001')
DB20000I  The SQL command completed successfully.

db2 => INSERT INTO Couple (coupleID,HCardID,fatherID) VALUES ('550002','330002','440002')
DB20000I  The SQL command completed successfully.

db2 => INSERT INTO Couple (coupleID,HCardID,fatherID) VALUES ('550003','330003','440003')
DB20000I  The SQL command completed successfully.

db2 => INSERT INTO Couple (coupleID,HCardID,fatherID) VALUES ('550004','330004','440004')
DB20000I  The SQL command completed successfully.

db2 => INSERT INTO Couple (coupleID,HCardID,fatherID) VALUES ('550005','330005','440005')
DB20000I  The SQL command completed successfully.

db2 => INSERT INTO Couple (coupleID,HCardID,fatherID) VALUES ('550006','330006','440006')
DB20000I  The SQL command completed successfully.

db2 => INSERT INTO Couple (coupleID,HCardID,fatherID) VALUES ('550007','330007','440007')
DB20000I  The SQL command completed successfully.

db2 => INSERT INTO Couple (coupleID,HCardID,fatherID) VALUES ('550008','330008','440008')
DB20000I  The SQL command completed successfully.

db2 => db2 => INSERT INTO Technician (techID,name,phone) VALUES ('660001','AC','11111')
DB20000I  The SQL command completed successfully.

db2 => INSERT INTO Technician (techID,name,phone) VALUES ('660002','AB','11112')
DB20000I  The SQL command completed successfully.

db2 => INSERT INTO Technician (techID,name,phone) VALUES ('660003','AD','11113')
DB20000I  The SQL command completed successfully.

db2 => INSERT INTO Technician (techID,name,phone) VALUES ('660004','AE','11114')
DB20000I  The SQL command completed successfully.

db2 => INSERT INTO Technician (techID,name,phone) VALUES ('660005','AF','11115')
DB20000I  The SQL command completed successfully.

db2 => db2 => INSERT INTO Pregnancy (coupleID,num,expdueym,lmpdued,usounddued,estdued,interested,homebirth,ppracID,bpracID,InstituteID) VALUES ('550001','2','2022-07-01','','No','No','No','Yes','220001',null,'110001')
DB20000I  The SQL command completed successfully.

db2 => INSERT INTO Pregnancy (coupleID,num,expdueym,lmpdued,usounddued,estdued,interested,homebirth,ppracID,bpracID,InstituteID) VALUES ('550002','2','2022-03-01','','Yes','Yes','Yes','No','220002','220009','110002')
DB20000I  The SQL command completed successfully.

db2 => INSERT INTO Pregnancy (coupleID,num,expdueym,lmpdued,usounddued,estdued,interested,homebirth,ppracID,bpracID,InstituteID) VALUES ('550003','1','2022-07-01','','Yes','Yes','Yes','Yes','220003','220010','110003')
DB20000I  The SQL command completed successfully.

db2 => INSERT INTO Pregnancy (coupleID,num,expdueym,lmpdued,usounddued,estdued,interested,homebirth,ppracID,bpracID,InstituteID) VALUES ('550004','3','2022-03-01','','Yes','Yes','Yes','No','220004','220011','110004')
DB20000I  The SQL command completed successfully.

db2 => INSERT INTO Pregnancy (coupleID,num,expdueym,lmpdued,usounddued,estdued,interested,homebirth,ppracID,bpracID,InstituteID) VALUES ('550005','1','2022-03-01','','No','No','No','No','220001','220012','110001')
DB20000I  The SQL command completed successfully.

db2 => INSERT INTO Pregnancy (coupleID,num,expdueym,lmpdued,usounddued,estdued,interested,homebirth,ppracID,bpracID,InstituteID) VALUES ('550006','1','2022-06-01','','No','No','No','No','220001',null,'110001')
DB20000I  The SQL command completed successfully.

db2 => INSERT INTO Pregnancy (coupleID,num,expdueym,lmpdued,usounddued,estdued,interested,homebirth,ppracID,bpracID,InstituteID) VALUES ('550007','1','2022-06-01','','No','No','No','No','220012',null,'110012')
DB20000I  The SQL command completed successfully.

db2 => INSERT INTO Pregnancy (coupleID,num,expdueym,lmpdued,usounddued,estdued,interested,homebirth,ppracID,bpracID,InstituteID) VALUES ('550008','1','2022-07-01','','No','No','No','No','220012',null,'110012')
DB20000I  The SQL command completed successfully.

db2 => db2 => INSERT INTO Baby (babyid,gender,dob,btime,bloodtype,bname,pregnum,coupleID) VALUES ('770001','M','2022-07-07','22:10','','Opa','2','550001')
DB20000I  The SQL command completed successfully.

db2 => INSERT INTO Baby (babyid,gender,dob,btime,bloodtype,bname,pregnum,coupleID) VALUES ('770002','M','2022-02-22','23:10','','Lia','2','550002')
DB20000I  The SQL command completed successfully.

db2 => INSERT INTO Baby (babyid,gender,dob,btime,bloodtype,bname,pregnum,coupleID) VALUES ('770003','F','2022-03-06','0:10','','Pipi','1','550003')
DB20000I  The SQL command completed successfully.

db2 => INSERT INTO Baby (babyid,gender,dob,btime,bloodtype,bname,pregnum,coupleID) VALUES ('770004','F','2022-04-02','1:10','','Che','3','550004')
DB20000I  The SQL command completed successfully.

db2 => INSERT INTO Baby (babyid,gender,dob,btime,bloodtype,bname,pregnum,coupleID) VALUES ('770005','M','2022-04-08','2:10','','Nov','1','550005')
DB20000I  The SQL command completed successfully.

db2 => INSERT INTO Baby (babyid,gender,dob,btime,bloodtype,bname,pregnum,coupleID) VALUES ('770006','M','2022-02-20','12:00','','Ven','1','550006')
DB20000I  The SQL command completed successfully.

db2 => INSERT INTO Baby (babyid,gender,dob,btime,bloodtype,bname,pregnum,coupleID) VALUES ('770007','M','2022-02-20','12:05','','Xian','1','550006')
DB20000I  The SQL command completed successfully.

db2 => INSERT INTO Baby (babyid,gender,dob,btime,bloodtype,bname,pregnum,coupleID) VALUES ('770008','F','2022-02-20','12:10','','Gen','1','550006')
DB20000I  The SQL command completed successfully.

db2 => db2 => INSERT INTO Tests (testid,ttype,prescdate,sampdate,labdate,results,pracID,pregnum,coupleID,babyID,techID) VALUES ('880001','blood iron','2022-03-03','2022-03-05','2022-04-05','Decent blood iron level','220001','2','550001',null,'660001')
DB20000I  The SQL command completed successfully.

db2 => INSERT INTO Tests (testid,ttype,prescdate,sampdate,labdate,results,pracID,pregnum,coupleID,babyID,techID) VALUES ('880002','blood iron','2022-03-04','2022-03-06','2022-04-06','need more nutrition','220002','2','550002',null,'660002')
DB20000I  The SQL command completed successfully.

db2 => INSERT INTO Tests (testid,ttype,prescdate,sampdate,labdate,results,pracID,pregnum,coupleID,babyID,techID) VALUES ('880003','blood iron','2022-03-05','2022-03-07','2022-04-07','Not so good','220003','1','550003',null,'660003')
DB20000I  The SQL command completed successfully.

db2 => INSERT INTO Tests (testid,ttype,prescdate,sampdate,labdate,results,pracID,pregnum,coupleID,babyID,techID) VALUES ('880004','ultrasound','2022-03-06','2022-03-08','2022-04-08','Good','220004','3','550004',null,'660004')
DB20000I  The SQL command completed successfully.

db2 => INSERT INTO Tests (testid,ttype,prescdate,sampdate,labdate,results,pracID,pregnum,coupleID,babyID,techID) VALUES ('880005','blood iron','2022-03-07','2022-03-09','2022-04-09','A little low','220001','1','550005',null,'660005')
DB20000I  The SQL command completed successfully.

db2 => INSERT INTO Tests (testid,ttype,prescdate,sampdate,labdate,results,pracID,pregnum,coupleID,babyID,techID) VALUES ('880006','ultrasound','2022-03-08','2022-03-10','2022-04-10','Excellent condition','220001','1','550006',null,'660001')
DB20000I  The SQL command completed successfully.

db2 => INSERT INTO Tests (testid,ttype,prescdate,sampdate,labdate,results,pracID,pregnum,coupleID,babyID,techID) VALUES ('880007','blood iron','2022-03-09','2022-03-11','2022-05-05','Excellent blood iron level','220001','2','550001',null,'660001')
DB20000I  The SQL command completed successfully.

db2 => db2 => INSERT INTO InfoSession (infoID,sdate,stime,lang,practid) VALUES ('990001','2022-01-02','9:00','ENG','220001')
DB20000I  The SQL command completed successfully.

db2 => INSERT INTO InfoSession (infoID,sdate,stime,lang,practid) VALUES ('990002','2022-01-03','10:00','FRL','220002')
DB20000I  The SQL command completed successfully.

db2 => INSERT INTO InfoSession (infoID,sdate,stime,lang,practid) VALUES ('990003','2022-01-04','11:00','ENG','220003')
DB20000I  The SQL command completed successfully.

db2 => INSERT INTO InfoSession (infoID,sdate,stime,lang,practid) VALUES ('990004','2022-01-05','12:00','FRL','220004')
DB20000I  The SQL command completed successfully.

db2 => INSERT INTO InfoSession (infoID,sdate,stime,lang,practid) VALUES ('990005','2022-01-06','13:00','FRL','220005')
DB20000I  The SQL command completed successfully.

db2 => INSERT INTO Appointment (appointmentid,adate,atime,pregnum,coupleID,practid,instituteID) VALUES ('111001','2022-03-02','8:00','2','550001','220001','110001')
DB20000I  The SQL command completed successfully.

db2 => INSERT INTO Appointment (appointmentid,adate,atime,pregnum,coupleID,practid,instituteID) VALUES ('111002','2022-03-23','9:00','1','550005','220001','110001')
DB20000I  The SQL command completed successfully.

db2 => INSERT INTO Appointment (appointmentid,adate,atime,pregnum,coupleID,practid,instituteID) VALUES ('111003','2022-03-24','10:00','1','550006','220001','110001')
DB20000I  The SQL command completed successfully.

db2 => INSERT INTO Appointment (appointmentid,adate,atime,pregnum,coupleID,practid,instituteID) VALUES ('111004','2022-02-05','11:00','2','550002','220002','110002')
DB20000I  The SQL command completed successfully.

db2 => INSERT INTO Appointment (appointmentid,adate,atime,pregnum,coupleID,practid,instituteID) VALUES ('111005','2022-02-06','12:00','1','550003','220003','110003')
DB20000I  The SQL command completed successfully.

db2 => INSERT INTO InfoSessionRegistration (infoID,coupleID,attended) VALUES ('990001','550001','Yes')
DB20000I  The SQL command completed successfully.

db2 => INSERT INTO InfoSessionRegistration (infoID,coupleID,attended) VALUES ('990002','550002','Yes')
DB20000I  The SQL command completed successfully.

db2 => INSERT INTO InfoSessionRegistration (infoID,coupleID,attended) VALUES ('990003','550003','No')
DB20000I  The SQL command completed successfully.

db2 => INSERT INTO InfoSessionRegistration (infoID,coupleID,attended) VALUES ('990004','550004','No')
DB20000I  The SQL command completed successfully.

db2 => INSERT INTO InfoSessionRegistration (infoID,coupleID,attended) VALUES ('990005','550005','No')
DB20000I  The SQL command completed successfully.

db2 => INSERT INTO Notes (noteID,appointmentid,content,ndate,ntime) VALUES ('222001','111001','Great condition','2022-03-02','8:00')
DB20000I  The SQL command completed successfully.

db2 => INSERT INTO Notes (noteID,appointmentid,content,ndate,ntime) VALUES ('222002','111002','Eat healthy ','2022-03-23','9:00')
DB20000I  The SQL command completed successfully.

db2 => INSERT INTO Notes (noteID,appointmentid,content,ndate,ntime) VALUES ('222003','111003','Exercise','2022-03-24','10:00')
DB20000I  The SQL command completed successfully.

db2 => INSERT INTO Notes (noteID,appointmentid,content,ndate,ntime) VALUES ('222004','111004','Dont drink alcohol','2022-02-05','11:00')
DB20000I  The SQL command completed successfully.

db2 => INSERT INTO Notes (noteID,appointmentid,content,ndate,ntime) VALUES ('222005','111005','Stay rest','2022-02-06','12:00')
DB20000I  The SQL command completed successfully.

db2 => db2 => 